This is pdfTeX, Version 3.14159265-2.6-1.40.18 (TeX Live 2017) (preloaded format=pdflatex 2017.5.23)  21 FEB 2018 15:43
entering extended mode
 restricted \write18 enabled.
 %&-line parsing enabled.
**Lab-7.tex
(./Lab-7.tex
LaTeX2e <2017-04-15>
Babel <3.10> and hyphenation patterns for 84 language(s) loaded.
(/usr/local/texlive/2017/texmf-dist/tex/latex/base/article.cls
Document Class: article 2014/09/29 v1.4h Standard LaTeX document class
(/usr/local/texlive/2017/texmf-dist/tex/latex/base/size12.clo
File: size12.clo 2014/09/29 v1.4h Standard LaTeX file (size option)
)
\c@part=\count79
\c@section=\count80
\c@subsection=\count81
\c@subsubsection=\count82
\c@paragraph=\count83
\c@subparagraph=\count84
\c@figure=\count85
\c@table=\count86
\abovecaptionskip=\skip41
\belowcaptionskip=\skip42
\bibindent=\dimen102
)
(/usr/local/texlive/2017/texmf-dist/tex/latex/anysize/anysize.sty
Package: anysize 1994/08/13 setting margin sizes

document style option `anysize' loaded
Michael Salzenberg, Thomas Esser, Dirk Hillbrecht
Version 1.0, Aug 13, 1994
\@Leftmargin=\dimen103
\@Rightmargin=\dimen104
\@Topmargin=\dimen105
\@Bottommargin=\dimen106
) (/usr/local/texlive/2017/texmf-dist/tex/latex/listings/listings.sty
(/usr/local/texlive/2017/texmf-dist/tex/latex/graphics/keyval.sty
Package: keyval 2014/10/28 v1.15 key=value parser (DPC)
\KV@toks@=\toks14
)
\lst@mode=\count87
\lst@gtempboxa=\box26
\lst@token=\toks15
\lst@length=\count88
\lst@currlwidth=\dimen107
\lst@column=\count89
\lst@pos=\count90
\lst@lostspace=\dimen108
\lst@width=\dimen109
\lst@newlines=\count91
\lst@lineno=\count92
\lst@maxwidth=\dimen110

(/usr/local/texlive/2017/texmf-dist/tex/latex/listings/lstmisc.sty
File: lstmisc.sty 2015/06/04 1.6 (Carsten Heinz)
\c@lstnumber=\count93
\lst@skipnumbers=\count94
\lst@framebox=\box27
)
(/usr/local/texlive/2017/texmf-dist/tex/latex/listings/listings.cfg
File: listings.cfg 2015/06/04 1.6 listings configuration
))
Package: listings 2015/06/04 1.6 (Carsten Heinz)

(./Lab-7.aux)
\openout1 = `Lab-7.aux'.

LaTeX Font Info:    Checking defaults for OML/cmm/m/it on input line 9.
LaTeX Font Info:    ... okay on input line 9.
LaTeX Font Info:    Checking defaults for T1/cmr/m/n on input line 9.
LaTeX Font Info:    ... okay on input line 9.
LaTeX Font Info:    Checking defaults for OT1/cmr/m/n on input line 9.
LaTeX Font Info:    ... okay on input line 9.
LaTeX Font Info:    Checking defaults for OMS/cmsy/m/n on input line 9.
LaTeX Font Info:    ... okay on input line 9.
LaTeX Font Info:    Checking defaults for OMX/cmex/m/n on input line 9.
LaTeX Font Info:    ... okay on input line 9.
LaTeX Font Info:    Checking defaults for U/cmr/m/n on input line 9.
LaTeX Font Info:    ... okay on input line 9.
\c@lstlisting=\count95
 [1

{/usr/local/texlive/2017/texmf-var/fonts/map/pdftex/updmap/pdftex.map}]
LaTeX Font Info:    External font `cmex10' loaded for size
(Font)              <12> on input line 70.
LaTeX Font Info:    External font `cmex10' loaded for size
(Font)              <8> on input line 70.
LaTeX Font Info:    External font `cmex10' loaded for size
(Font)              <6> on input line 70.
 [1]
Missing character: There is no â in font cmti12!
Missing character: There is no € in font cmti12!
Missing character: There is no ™ in font cmti12!
 [2]
LaTeX Font Info:    Try loading font information for OMS+cmr on input line 142.

 (/usr/local/texlive/2017/texmf-dist/tex/latex/base/omscmr.fd
File: omscmr.fd 2014/09/29 v2.5h Standard LaTeX font definitions
)
LaTeX Font Info:    Font shape `OMS/cmr/m/n' in size <12> not available
(Font)              Font shape `OMS/cmsy/m/n' tried instead on input line 142.

[3] [4] [5]
Overfull \hbox (240.51637pt too wide) in paragraph at lines 468--468
[]\OT1/cmtt/m/n/12 ldi   mpr, (1<<ISC31)|(0<<ISC30)|(1<<ISC21)|(0<<ISC20)|(1<<I
SC11)|(0<<ISC10)|(1<<ISC01)|(0<<ISC00) ;'10' is falling edge[] 
 []


Overfull \hbox (92.3163pt too wide) in paragraph at lines 468--468
[]\OT1/cmtt/m/n/12 ldi   mpr, (1<<INT3)|(1<<INT2)|(1<<INT1)|(1<<INT0) ;setting 
EIMSKx to 1 enables it to be deteced[] 
 []


Overfull \hbox (30.56627pt too wide) in paragraph at lines 468--468
[]\OT1/cmtt/m/n/12 ldi   mpr, 0b01101111 ;Activate Fast PWM mode with toggle. D
one by bit 3 and 6 being 1[] 
 []


Overfull \hbox (30.56627pt too wide) in paragraph at lines 468--468
[]\OT1/cmtt/m/n/12 ldi   mpr, 0b01101101 ;Activate Fast PWM mode with toggle. D
one by bit 3 and 6 being 1[] 
 []

[6] [7]
Overfull \hbox (209.64136pt too wide) in paragraph at lines 468--468
[]\OT1/cmtt/m/n/12 sbr mpr, (1<<IncSpeed)|(1<<DecSpeed)|(1<<FullSpeed)|(1<<Slow
Speed) ;clear out any staged INTs be setting clear flag[] 
 []

[8]
Overfull \hbox (209.64136pt too wide) in paragraph at lines 468--468
[]\OT1/cmtt/m/n/12 sbr mpr, (1<<IncSpeed)|(1<<DecSpeed)|(1<<FullSpeed)|(1<<Slow
Speed) ;clear out any staged INTs be setting clear flag[] 
 []


Overfull \hbox (209.64136pt too wide) in paragraph at lines 468--468
[]\OT1/cmtt/m/n/12 sbr mpr, (1<<IncSpeed)|(1<<DecSpeed)|(1<<FullSpeed)|(1<<Slow
Speed) ;clear out any staged INTs be setting clear flag[] 
 []

[9]
Overfull \hbox (209.64136pt too wide) in paragraph at lines 468--468
[]\OT1/cmtt/m/n/12 sbr mpr, (1<<IncSpeed)|(1<<DecSpeed)|(1<<FullSpeed)|(1<<Slow
Speed) ;clear out any staged INTs be setting clear flag[] 
 []

[10] (./Lab-7.aux) ) 
Here is how much of TeX's memory you used:
 1481 strings out of 492995
 21090 string characters out of 6132704
 78703 words of memory out of 5000000
 5083 multiletter control sequences out of 15000+600000
 8761 words of font info for 31 fonts, out of 8000000 for 9000
 1141 hyphenation exceptions out of 8191
 26i,4n,32p,317b,324s stack positions out of 5000i,500n,10000p,200000b,80000s
</usr/local/texlive/2017/texmf-dist/fonts/type1/public/amsf
onts/cm/cmbx12.pfb></usr/local/texlive/2017/texmf-dist/fonts/type1/public/amsfo
nts/cm/cmbxti10.pfb></usr/local/texlive/2017/texmf-dist/fonts/type1/public/amsf
onts/cm/cmmi12.pfb></usr/local/texlive/2017/texmf-dist/fonts/type1/public/amsfo
nts/cm/cmr12.pfb></usr/local/texlive/2017/texmf-dist/fonts/type1/public/amsfont
s/cm/cmr17.pfb></usr/local/texlive/2017/texmf-dist/fonts/type1/public/amsfonts/
cm/cmr8.pfb></usr/local/texlive/2017/texmf-dist/fonts/type1/public/amsfonts/cm/
cmsy10.pfb></usr/local/texlive/2017/texmf-dist/fonts/type1/public/amsfonts/cm/c
mti12.pfb></usr/local/texlive/2017/texmf-dist/fonts/type1/public/amsfonts/cm/cm
tt12.pfb>
Output written on Lab-7.pdf (11 pages, 122858 bytes).
PDF statistics:
 76 PDF objects out of 1000 (max. 8388607)
 53 compressed objects within 1 object stream
 0 named destinations out of 1000 (max. 500000)
 1 words of extra memory for PDF output out of 10000 (max. 10000000)

